{
  "RSpec": {
    "coverage": {
      "/Users/jasonrowsell/Projects/bookmark-manager/app.rb": {
        "lines": [
          1,
          1,
          1,
          null,
          1,
          1,
          0,
          null,
          null,
          1,
          1,
          1,
          null,
          null,
          1,
          null
        ]
      },
      "/Users/jasonrowsell/Projects/bookmark-manager/lib/bookmark.rb": {
        "lines": [
          1,
          null,
          1,
          1,
          2,
          2,
          8,
          null,
          null,
          null
        ]
      },
      "/Users/jasonrowsell/Projects/bookmark-manager/spec/bookmark_spec.rb": {
        "lines": [
          1,
          null,
          1,
          1,
          null,
          null,
          1,
          1,
          1,
          null,
          1,
          1,
          1,
          null,
          null,
          null
        ]
      },
      "/Users/jasonrowsell/Projects/bookmark-manager/spec/features/viewing_bookmarks_spec.rb": {
        "lines": [
          1,
          1,
          1,
          1,
          1,
          1,
          null,
          null
        ]
      }
    },
    "timestamp": 1618912164
  }
}
